#
# There is insufficient memory for the Java Runtime Environment to continue.
# Native memory allocation (mmap) failed to map 268435456 bytes for Failed to commit area from 0x0000000701c00000 to 0x0000000711c00000 of length 268435456.
# Possible reasons:
#   The system is out of physical RAM or swap space
#   The process is running with CompressedOops enabled, and the Java Heap may be blocking the growth of the native heap
# Possible solutions:
#   Reduce memory load on the system
#   Increase physical memory or swap space
#   Check if swap backing store is full
#   Decrease Java heap size (-Xmx/-Xms)
#   Decrease number of Java threads
#   Decrease Java thread stack sizes (-Xss)
#   Set larger code cache with -XX:ReservedCodeCacheSize=
# This output file may be truncated or incomplete.
#
#  Out of Memory Error (./open/src/hotspot/os/windows/os_windows.cpp:3273), pid=25640, tid=5220
#
# JRE version:  (11.0.12+8) (build )
# Java VM: Java HotSpot(TM) 64-Bit Server VM (11.0.12+8-LTS-237, mixed mode, sharing, tiered, compressed oops, g1 gc, windows-amd64)
# No core dump will be written. Minidumps are not enabled by default on client versions of Windows
#

---------------  S U M M A R Y ------------

Command Line: -XX:TieredStopAtLevel=1 -Xverify:none -Dspring.output.ansi.enabled=always -Dcom.sun.management.jmxremote -Dspring.jmx.enabled=true -Dspring.liveBeansView.mbeanDomain -Dspring.application.admin.enabled=true -javaagent:C:\Program Files\JetBrains\IntelliJ IDEA 2022.2.1\lib\idea_rt.jar=55629:C:\Program Files\JetBrains\IntelliJ IDEA 2022.2.1\bin -Dfile.encoding=UTF-8 com.RizkiAwantaJordhieJSleepKM.JSleep

Host: Intel(R) Core(TM) i5-8250U CPU @ 1.60GHz, 8 cores, 15G,  Windows 10 , 64 bit Build 19041 (10.0.19041.2251)
Time: Mon Nov 14 22:12:09 2022 SE Asia Standard Time elapsed time: 0.022809 seconds (0d 0h 0m 0s)

---------------  T H R E A D  ---------------

Current thread (0x000001ff56354000):  JavaThread "Unknown thread" [_thread_in_vm, id=5220, stack(0x0000003231400000,0x0000003231500000)]

Stack: [0x0000003231400000,0x0000003231500000]
Native frames: (J=compiled Java code, j=interpreted, Vv=VM code, C=native code)
V  [jvm.dll+0x617d9a]
V  [jvm.dll+0x74eeef]
V  [jvm.dll+0x750599]
V  [jvm.dll+0x750c23]
V  [jvm.dll+0x2438d8]
V  [jvm.dll+0x61518a]
V  [jvm.dll+0x609f45]
V  [jvm.dll+0x2f85cc]
V  [jvm.dll+0x2f8452]
V  [jvm.dll+0x2fd106]
V  [jvm.dll+0x33f6ef]
V  [jvm.dll+0x33f120]
V  [jvm.dll+0x2d5ca8]
V  [jvm.dll+0x2d6e06]
V  [jvm.dll+0x72a977]
V  [jvm.dll+0x72c21f]
V  [jvm.dll+0x34c469]
V  [jvm.dll+0x710400]
V  [jvm.dll+0x3b5baf]
V  [jvm.dll+0x3b7cb1]
C  [jli.dll+0x520b]
C  [ucrtbase.dll+0x21bb2]
C  [KERNEL32.DLL+0x174b4]
C  [ntdll.dll+0x526a1]


---------------  P R O C E S S  ---------------

Threads class SMR info:
_java_thread_list=0x000001ff542bb1c0, length=0, elements={
}

Java Threads: ( => current thread )

Other Threads:
  0x000001ff56367800 GCTaskThread "GC Thread#0" [stack: 0x0000003231500000,0x0000003231600000] [id=18180]
  0x000001ff563c7800 ConcurrentGCThread "G1 Main Marker" [stack: 0x0000003231600000,0x0000003231700000] [id=23992]
  0x000001ff563c9800 ConcurrentGCThread "G1 Conc#0" [stack: 0x0000003231700000,0x0000003231800000] [id=18048]

[error occurred during error reporting (printing all threads), id 0xc0000005, EXCEPTION_ACCESS_VIOLATION (0xc0000005) at pc=0x00007ffefe9a4f37]

VM state:not at safepoint (not fully initialized)

VM Mutex/Monitor currently owned by a thread:  ([mutex/lock_event])
[0x000001ff56351100] Heap_lock - owner thread: 0x000001ff56354000

Heap address: 0x0000000701c00000, size: 4068 MB, Compressed Oops mode: Non-zero based: 0x0000000701c00000
Narrow klass base: 0x0000000000000000, Narrow klass shift: 0

GC Heap History (0 events):
No events

Deoptimization events (0 events):
No events

Classes redefined (0 events):
No events

Internal exceptions (0 events):
No events

Events (0 events):
No events


Dynamic libraries:
0x00007ff7be150000 - 0x00007ff7be15f000 	C:\Program Files\Java\jdk-11.0.12\bin\java.exe
0x00007fff7a850000 - 0x00007fff7aa48000 	C:\WINDOWS\SYSTEM32\ntdll.dll
0x00007fff791d0000 - 0x00007fff7928f000 	C:\WINDOWS\System32\KERNEL32.DLL
0x00007fff781d0000 - 0x00007fff784a2000 	C:\WINDOWS\System32\KERNELBASE.dll
0x00007fff784b0000 - 0x00007fff785b0000 	C:\WINDOWS\System32\ucrtbase.dll
0x00007fff5fef0000 - 0x00007fff5ff05000 	C:\Program Files\Java\jdk-11.0.12\bin\VCRUNTIME140.dll
0x00007fff61110000 - 0x00007fff61128000 	C:\Program Files\Java\jdk-11.0.12\bin\jli.dll
0x00007fff7a6f0000 - 0x00007fff7a79e000 	C:\WINDOWS\System32\ADVAPI32.dll
0x00007fff78920000 - 0x00007fff789be000 	C:\WINDOWS\System32\msvcrt.dll
0x00007fff79f00000 - 0x00007fff79f9c000 	C:\WINDOWS\System32\sechost.dll
0x00007fff793b0000 - 0x00007fff794d5000 	C:\WINDOWS\System32\RPCRT4.dll
0x00007fff7a550000 - 0x00007fff7a6ed000 	C:\WINDOWS\System32\USER32.dll
0x00007fff785b0000 - 0x00007fff785d2000 	C:\WINDOWS\System32\win32u.dll
0x00007fff7a7a0000 - 0x00007fff7a7cb000 	C:\WINDOWS\System32\GDI32.dll
0x00007fff78790000 - 0x00007fff7889f000 	C:\WINDOWS\System32\gdi32full.dll
0x00007fff786c0000 - 0x00007fff7875d000 	C:\WINDOWS\System32\msvcp_win.dll
0x00007fff6fc30000 - 0x00007fff6fc3a000 	C:\WINDOWS\SYSTEM32\VERSION.dll
0x00007fff63bf0000 - 0x00007fff63e8a000 	C:\WINDOWS\WinSxS\amd64_microsoft.windows.common-controls_6595b64144ccf1df_6.0.19041.1110_none_60b5254171f9507e\COMCTL32.dll
0x00007fff7a7d0000 - 0x00007fff7a802000 	C:\WINDOWS\System32\IMM32.DLL
0x00007fff4c5a0000 - 0x00007fff4c63b000 	C:\Program Files\Java\jdk-11.0.12\bin\msvcp140.dll
0x00007ffefe6c0000 - 0x00007ffeff1bf000 	C:\Program Files\Java\jdk-11.0.12\bin\server\jvm.dll
0x00007fff79db0000 - 0x00007fff79db8000 	C:\WINDOWS\System32\PSAPI.DLL
0x00007fff5fd80000 - 0x00007fff5fd89000 	C:\WINDOWS\SYSTEM32\WSOCK32.dll
0x00007fff62cb0000 - 0x00007fff62cd7000 	C:\WINDOWS\SYSTEM32\WINMM.dll
0x00007fff799e0000 - 0x00007fff79a4b000 	C:\WINDOWS\System32\WS2_32.dll
0x00007fff767f0000 - 0x00007fff76802000 	C:\WINDOWS\SYSTEM32\kernel.appcore.dll
0x00007fff6c960000 - 0x00007fff6c970000 	C:\Program Files\Java\jdk-11.0.12\bin\verify.dll
0x00007fff75d00000 - 0x00007fff75ee4000 	C:\WINDOWS\SYSTEM32\DBGHELP.DLL
0x00007fff62f50000 - 0x00007fff62f7c000 	C:\WINDOWS\SYSTEM32\dbgcore.DLL
0x00007fff78630000 - 0x00007fff786b2000 	C:\WINDOWS\System32\bcryptPrimitives.dll
0x00007fff5b690000 - 0x00007fff5b6b8000 	C:\Program Files\Java\jdk-11.0.12\bin\java.dll
0x00007fff63bb0000 - 0x00007fff63bba000 	C:\Program Files\Java\jdk-11.0.12\bin\jimage.dll
0x00007fff72030000 - 0x00007fff7203e000 	C:\Program Files\Java\jdk-11.0.12\bin\instrument.dll
0x00007fff5b670000 - 0x00007fff5b686000 	C:\Program Files\Java\jdk-11.0.12\bin\zip.dll

dbghelp: loaded successfully - version: 4.0.5 - missing functions: none
symbol engine: initialized successfully - sym options: 0x614 - pdb path: .;C:\Program Files\Java\jdk-11.0.12\bin;C:\WINDOWS\SYSTEM32;C:\WINDOWS\WinSxS\amd64_microsoft.windows.common-controls_6595b64144ccf1df_6.0.19041.1110_none_60b5254171f9507e;C:\Program Files\Java\jdk-11.0.12\bin\server

VM Arguments:
jvm_args: -XX:TieredStopAtLevel=1 -Xverify:none -Dspring.output.ansi.enabled=always -Dcom.sun.management.jmxremote -Dspring.jmx.enabled=true -Dspring.liveBeansView.mbeanDomain -Dspring.application.admin.enabled=true -javaagent:C:\Program Files\JetBrains\IntelliJ IDEA 2022.2.1\lib\idea_rt.jar=55629:C:\Program Files\JetBrains\IntelliJ IDEA 2022.2.1\bin -Dfile.encoding=UTF-8 
java_command: com.RizkiAwantaJordhieJSleepKM.JSleep
java_class_path (initial): C:\Users\Rizky Awanta Jordhie\Documents\All-Files\TUGAS\UI\2-Pembelajaran\3-Kuliah\Materi x Buku\Semester 3\Object Oriented Programming\Praktikum OOP\Code\JSleep\build\classes\java\main;C:\Users\Rizky Awanta Jordhie\Documents\All-Files\TUGAS\UI\2-Pembelajaran\3-Kuliah\Materi x Buku\Semester 3\Object Oriented Programming\Praktikum OOP\Code\JSleep\build\resources\main;C:\Users\Rizky Awanta Jordhie\.gradle\caches\modules-2\files-2.1\com.google.code.gson\gson\2.9.0\8a1167e089096758b49f9b34066ef98b2f4b37aa\gson-2.9.0.jar;C:\Users\Rizky Awanta Jordhie\.gradle\caches\modules-2\files-2.1\org.springframework.boot\spring-boot-starter-web\2.7.5\bb4099d0466a62c3b11ab9323babca13bb430a2e\spring-boot-starter-web-2.7.5.jar;C:\Users\Rizky Awanta Jordhie\.gradle\caches\modules-2\files-2.1\org.springframework.boot\spring-boot-starter-json\2.7.5\9c7df04ff37b2e7471632ddeb4a296c5fb6bddee\spring-boot-starter-json-2.7.5.jar;C:\Users\Rizky Awanta Jordhie\.gradle\caches\modules-2\files-2.1\org.springframework.boot\spring-boot-starter\2.7.5\c28e1546461803490588085345ba5d2897d232bc\spring-boot-starter-2.7.5.jar;C:\Users\Rizky Awanta Jordhie\.gradle\caches\modules-2\files-2.1\org.springframework.boot\spring-boot-starter-tomcat\2.7.5\eb7849c52953de44d9712adf45398ccb1a7d4295\spring-boot-starter-tomcat-2.7.5.jar;C:\Users\Rizky Awanta Jordhie\.gradle\caches\modules-2\files-2.1\org.springframework\spring-webmvc\5.3.23\b163527c275b0374371890c0b76c2a2a09f9804b\spring-webmvc-5.3.23.jar;C:\Users\Rizky Awanta Jordhie\.gradle\caches\modules-2\files-2.1\org.springframework\spring-web\5.3.23\193f5276092d9cbe3222c63885b47ca7b2cce97\spring-web-5.3.23.jar;C:\Users\Rizky Awanta Jordhie\.gradle\caches\modules-2\files-2.1\com.fasterxml.jackson.datatype\jackson-datatype-jsr310\2.13.4\e6d820112871f33cd94a1dcc54eef58874753b5\jackson-datatype-jsr310-2.13.4.jar;C:\Users\Rizky Awanta Jordhie\.gradle\caches\modules-2\files-2.1\com.fasterxml.jackson.module\jackson-module-parameter-names\2.13.
Launcher Type: SUN_STANDARD

[Global flags]
     bool BytecodeVerificationLocal                = false                                     {product} {command line}
     bool BytecodeVerificationRemote               = false                                     {product} {command line}
     intx CICompilerCount                          = 4                                         {product} {ergonomic}
     uint ConcGCThreads                            = 2                                         {product} {ergonomic}
     uint G1ConcRefinementThreads                  = 8                                         {product} {ergonomic}
   size_t G1HeapRegionSize                         = 1048576                                   {product} {ergonomic}
    uintx GCDrainStackTargetSize                   = 64                                        {product} {ergonomic}
   size_t InitialHeapSize                          = 268435456                                 {product} {ergonomic}
     bool ManagementServer                         = true                                      {product} {command line}
   size_t MarkStackSize                            = 4194304                                   {product} {ergonomic}
   size_t MaxHeapSize                              = 4265607168                                {product} {ergonomic}
   size_t MinHeapDeltaBytes                        = 1048576                                   {product} {ergonomic}
    uintx NonNMethodCodeHeapSize                   = 7549744                                {pd product} {ergonomic}
    uintx NonProfiledCodeHeapSize                  = 244108496                              {pd product} {ergonomic}
    uintx ProfiledCodeHeapSize                     = 0                                      {pd product} {ergonomic}
    uintx ReservedCodeCacheSize                    = 251658240                              {pd product} {ergonomic}
     bool SegmentedCodeCache                       = true                                      {product} {ergonomic}
     intx TieredStopAtLevel                        = 1                                         {product} {command line}
     bool UseCompressedClassPointers               = true                                 {lp64_product} {ergonomic}
     bool UseCompressedOops                        = true                                 {lp64_product} {ergonomic}
     bool UseG1GC                                  = true                                      {product} {ergonomic}
     bool UseLargePagesIndividualAllocation        = false                                  {pd product} {ergonomic}

Logging:
Log output configuration:
 #0: stdout all=warning uptime,level,tags
 #1: stderr all=off uptime,level,tags

Environment Variables:
PATH=C:\WINDOWS;C:\Program Files\Common Files\Oracle\Java\javapath;C:\Program Files (x86)\Common Files\Intel\Shared Libraries\redist\intel64\compiler;c:\programdata\oracle\java\javapath;c:\program files (x86)\intel\icls client\;c:\program files\intel\icls client\;c:\windows\system32;c:\windows;c:\windows\system32\wbem;c:\windows\system32\windowspowershell\v1.0\;c:\program files (x86)\intel\intel(r) management engine components\dal;c:\program files\intel\intel(r) management engine components\dal;c:\program files (x86)\intel\intel(r) management engine components\ipt;c:\program files\intel\intel(r) management engine components\ipt;c:\program files\dotnet\;c:\windows\system32;c:\windows;c:\windows\system32\wbem;c:\windows\system32\windowspowershell\v1.0\;c:\windows\system32\openssh\;c:\android;c:\windows\system32;c:\windows;c:\windows\system32\wbem;c:\windows\system32\windowspowershell\v1.0\;c:\windows\system32\openssh\;c:\program files\crucial\crucial storage executive;c:\program files (x86)\calibre2\;C:\Program Files (x86)\NVIDIA Corporation\PhysX\Common;C:\Program Files\Git\cmd;C:\Gradle\gradle-7.5.1\bin;C:\Users\Rizky Awanta Jordhie\AppData\Local\Programs\Python\Python39\Scripts\;C:\Users\Rizky Awanta Jordhie\AppData\Local\Programs\Python\Python39\;C:\Users\Rizky Awanta Jordhie\AppData\Local\Microsoft\WindowsApps;C:\Users\Rizky Awanta Jordhie\AppData\Local\Programs\Microsoft VS Code\bin;C:\intelFPGA\20.1\modelsim_ase\win32aloem;C:\intelFPGA_lite\21.1\questa_fse\win64;C:\Gradle\gradle-7.5.1\bin;
USERNAME=Rizky Awanta Jordhie
OS=Windows_NT
PROCESSOR_IDENTIFIER=Intel64 Family 6 Model 142 Stepping 10, GenuineIntel



---------------  S Y S T E M  ---------------

OS: Windows 10 , 64 bit Build 19041 (10.0.19041.2251)

CPU:total 8 (initial active 8) (4 cores per cpu, 2 threads per core) family 6 model 142 stepping 10 microcode 0xb4, cmov, cx8, fxsr, mmx, sse, sse2, sse3, ssse3, sse4.1, sse4.2, popcnt, avx, avx2, aes, clmul, erms, 3dnowpref, lzcnt, ht, tsc, tscinvbit, bmi1, bmi2, adx, fma

Memory: 4k page, system-wide physical 16270M (1358M free)
TotalPageFile size 16270M (AvailPageFile size 161M)
current process WorkingSet (physical memory assigned to process): 10M, peak: 10M
current process commit charge ("private bytes"): 58M, peak: 314M

vm_info: Java HotSpot(TM) 64-Bit Server VM (11.0.12+8-LTS-237) for windows-amd64 JRE (11.0.12+8-LTS-237), built on Jun  8 2021 11:25:59 by "mach5one" with MS VC++ 15.9 (VS2017)

END.
